<?xml version="1.0" encoding="UTF-8"?>
<!-- Generated by org.testng.reporters.JUnitXMLReporter -->
<testsuite ignored="2" hostname="LTIN242681" failures="0" tests="20" name="Edge" time="66.249" errors="0" timestamp="2024-02-22T15:02:45 IST">
  <testcase classname="testCases.TC1_CarLoan" name="btncarloan" time="0.357"/>
  <testcase classname="testCases.TC1_CarLoan" name="amthomeloan" time="1.566"/>
  <testcase classname="testCases.TC1_CarLoan" name="rateinterest" time="0.743"/>
  <testcase classname="testCases.TC1_CarLoan" name="tenureloan" time="0.713"/>
  <testcase classname="testCases.TC1_CarLoan" name="advanceemibtn" time="0.447"/>
  <testcase classname="testCases.TC1_CarLoan" name="tableyear" time="3.374"/>
  <testcase classname="testCases.TC1_CarLoan" name="amtp_int" time="0.902"/>
  <testcase classname="testCases.TC1_CarLoan" name="arrearsemi" time="0.305"/>
  <testcase classname="testCases.TC1_CarLoan" name="arrAmtp_int" time="3.949"/>
  <testcase classname="testCases.TC1_CarLoan" name="menuBar" time="0.406"/>
  <testcase classname="testCases.TC2_HomeEmiCalc" name="yearTable" time="3.11"/>
  <testcase classname="testCases.TC2_HomeEmiCalc" name="tableloan" time="12.682"/>
  <testcase classname="testCases.TC3_LoanCalc" name="calcLoan" time="5.12"/>
  <testcase classname="testCases.TC3_LoanCalc" name="emiBtn" time="0.112"/>
  <testcase classname="testCases.TC3_LoanCalc" name="amtLoan" time="1.147"/>
  <testcase classname="testCases.TC3_LoanCalc" name="rInterest" time="0.636"/>
  <testcase classname="testCases.TC3_LoanCalc" name="yearLoanTenure" time="0.874"/>
  <testcase classname="testCases.TC3_LoanCalc" name="monthLoanTenure" time="0.843"/>
  <testcase classname="testCases.TC3_LoanCalc" name="amountLoan" time="2.796"/>
  <testcase classname="testCases.TC3_LoanCalc" name="tenureLoan" time="1.815"/>
  <testcase classname="testBase.BaseClass" name="@BeforeTest driverSetup" time="0.0">
    <ignored/>
  </testcase> <!-- @BeforeTest driverSetup -->
  <testcase classname="testBase.BaseClass" name="@BeforeTest driverSetup" time="0.0">
    <ignored/>
  </testcase> <!-- @BeforeTest driverSetup -->
</testsuite> <!-- Edge -->
