<?xml version="1.0" encoding="UTF-8"?>
<!-- Generated by org.testng.reporters.JUnitXMLReporter -->
<testsuite ignored="4" hostname="LTIN242681" failures="0" tests="20" name="Test" time="173.822" errors="0" timestamp="2024-02-28T16:19:20 IST">
  <testcase classname="testCases.TC1_CarLoan" name="btncarloan" time="0.343"/>
  <testcase classname="testCases.TC1_CarLoan" name="amthomeloan" time="0.711"/>
  <testcase classname="testCases.TC1_CarLoan" name="rateinterest" time="0.734"/>
  <testcase classname="testCases.TC1_CarLoan" name="tenureloan" time="2.616"/>
  <testcase classname="testCases.TC1_CarLoan" name="advanceemibtn" time="0.177"/>
  <testcase classname="testCases.TC1_CarLoan" name="tableyear" time="3.215"/>
  <testcase classname="testCases.TC1_CarLoan" name="amtp_int" time="2.49"/>
  <testcase classname="testCases.TC1_CarLoan" name="arrearsemi" time="0.169"/>
  <testcase classname="testCases.TC1_CarLoan" name="arrAmtp_int" time="4.071"/>
  <testcase classname="testCases.TC1_CarLoan" name="menuBar" time="44.579"/>
  <testcase classname="testCases.TC2_HomeEmiCalc" name="yearTable" time="3.113"/>
  <testcase classname="testCases.TC2_HomeEmiCalc" name="tableloan" time="14.038"/>
  <testcase classname="testCases.TC3_LoanCalc" name="calcLoan" time="23.252"/>
  <testcase classname="testCases.TC3_LoanCalc" name="emiBtn" time="0.13"/>
  <testcase classname="testCases.TC3_LoanCalc" name="amtLoan" time="0.704"/>
  <testcase classname="testCases.TC3_LoanCalc" name="rInterest" time="0.633"/>
  <testcase classname="testCases.TC3_LoanCalc" name="yearLoanTenure" time="0.981"/>
  <testcase classname="testCases.TC3_LoanCalc" name="monthLoanTenure" time="1.117"/>
  <testcase classname="testCases.TC3_LoanCalc" name="amountLoan" time="3.383"/>
  <testcase classname="testCases.TC3_LoanCalc" name="tenureLoan" time="2.2"/>
  <testcase classname="testBase.BaseClass" name="@AfterTest tearDown" time="0.0">
    <ignored/>
  </testcase> <!-- @AfterTest tearDown -->
  <testcase classname="testBase.BaseClass" name="@AfterTest tearDown" time="0.0">
    <ignored/>
  </testcase> <!-- @AfterTest tearDown -->
  <testcase classname="testBase.BaseClass" name="@BeforeTest driverSetup" time="0.0">
    <ignored/>
  </testcase> <!-- @BeforeTest driverSetup -->
  <testcase classname="testBase.BaseClass" name="@BeforeTest driverSetup" time="0.0">
    <ignored/>
  </testcase> <!-- @BeforeTest driverSetup -->
</testsuite> <!-- Test -->
