<?xml version="1.0" encoding="UTF-8"?>
<!-- Generated by org.testng.reporters.JUnitXMLReporter -->
<testsuite ignored="4" hostname="LTIN242681" failures="0" tests="20" name="Test" time="56.003" errors="0" timestamp="2024-02-26T10:49:59 IST">
  <testcase classname="testCases.TC1_CarLoan" name="btncarloan" time="0.17"/>
  <testcase classname="testCases.TC1_CarLoan" name="amthomeloan" time="0.584"/>
  <testcase classname="testCases.TC1_CarLoan" name="rateinterest" time="0.516"/>
  <testcase classname="testCases.TC1_CarLoan" name="tenureloan" time="2.68"/>
  <testcase classname="testCases.TC1_CarLoan" name="advanceemibtn" time="0.08"/>
  <testcase classname="testCases.TC1_CarLoan" name="tableyear" time="3.11"/>
  <testcase classname="testCases.TC1_CarLoan" name="amtp_int" time="1.279"/>
  <testcase classname="testCases.TC1_CarLoan" name="arrearsemi" time="0.087"/>
  <testcase classname="testCases.TC1_CarLoan" name="arrAmtp_int" time="3.515"/>
  <testcase classname="testCases.TC1_CarLoan" name="menuBar" time="1.419"/>
  <testcase classname="testCases.TC2_HomeEmiCalc" name="yearTable" time="3.305"/>
  <testcase classname="testCases.TC2_HomeEmiCalc" name="tableloan" time="8.744"/>
  <testcase classname="testCases.TC3_LoanCalc" name="calcLoan" time="1.176"/>
  <testcase classname="testCases.TC3_LoanCalc" name="emiBtn" time="0.094"/>
  <testcase classname="testCases.TC3_LoanCalc" name="amtLoan" time="0.527"/>
  <testcase classname="testCases.TC3_LoanCalc" name="rInterest" time="0.488"/>
  <testcase classname="testCases.TC3_LoanCalc" name="yearLoanTenure" time="0.945"/>
  <testcase classname="testCases.TC3_LoanCalc" name="monthLoanTenure" time="0.852"/>
  <testcase classname="testCases.TC3_LoanCalc" name="amountLoan" time="2.792"/>
  <testcase classname="testCases.TC3_LoanCalc" name="tenureLoan" time="1.89"/>
  <testcase classname="testBase.BaseClass" name="@BeforeTest driverSetup" time="0.0">
    <ignored/>
  </testcase> <!-- @BeforeTest driverSetup -->
  <testcase classname="testBase.BaseClass" name="@AfterTest tearDown" time="0.0">
    <ignored/>
  </testcase> <!-- @AfterTest tearDown -->
  <testcase classname="testBase.BaseClass" name="@BeforeTest driverSetup" time="0.0">
    <ignored/>
  </testcase> <!-- @BeforeTest driverSetup -->
  <testcase classname="testBase.BaseClass" name="@AfterTest tearDown" time="0.0">
    <ignored/>
  </testcase> <!-- @AfterTest tearDown -->
</testsuite> <!-- Test -->
