<?xml version="1.0" encoding="UTF-8"?>
<testng-results ignored="0" total="20" passed="20" failed="0" skipped="0">
  <reporter-output>
  </reporter-output>
  <suite started-at="2024-02-28T16:16:24 IST" name="Hackathon Project" finished-at="2024-02-28T16:19:18 IST" duration-ms="173822">
    <groups>
      <group name="regression">
        <method signature="TC1_CarLoan.amthomeloan()[pri:2, instance:testCases.TC1_CarLoan@77f1baf5]" name="amthomeloan" class="testCases.TC1_CarLoan"/>
        <method signature="TC2_HomeEmiCalc.tableloan()[pri:2, instance:testCases.TC2_HomeEmiCalc@70325e14]" name="tableloan" class="testCases.TC2_HomeEmiCalc"/>
        <method signature="TC1_CarLoan.rateinterest()[pri:3, instance:testCases.TC1_CarLoan@77f1baf5]" name="rateinterest" class="testCases.TC1_CarLoan"/>
        <method signature="TC3_LoanCalc.amtLoan()[pri:3, instance:testCases.TC3_LoanCalc@37ceb1df]" name="amtLoan" class="testCases.TC3_LoanCalc"/>
        <method signature="TC1_CarLoan.tenureloan()[pri:4, instance:testCases.TC1_CarLoan@77f1baf5]" name="tenureloan" class="testCases.TC1_CarLoan"/>
        <method signature="TC3_LoanCalc.rInterest()[pri:4, instance:testCases.TC3_LoanCalc@37ceb1df]" name="rInterest" class="testCases.TC3_LoanCalc"/>
        <method signature="TC3_LoanCalc.yearLoanTenure()[pri:5, instance:testCases.TC3_LoanCalc@37ceb1df]" name="yearLoanTenure" class="testCases.TC3_LoanCalc"/>
        <method signature="TC3_LoanCalc.monthLoanTenure()[pri:6, instance:testCases.TC3_LoanCalc@37ceb1df]" name="monthLoanTenure" class="testCases.TC3_LoanCalc"/>
        <method signature="TC1_CarLoan.amtp_int()[pri:7, instance:testCases.TC1_CarLoan@77f1baf5]" name="amtp_int" class="testCases.TC1_CarLoan"/>
        <method signature="TC3_LoanCalc.amountLoan()[pri:7, instance:testCases.TC3_LoanCalc@37ceb1df]" name="amountLoan" class="testCases.TC3_LoanCalc"/>
        <method signature="TC1_CarLoan.arrearsemi()[pri:8, instance:testCases.TC1_CarLoan@77f1baf5]" name="arrearsemi" class="testCases.TC1_CarLoan"/>
        <method signature="TC3_LoanCalc.tenureLoan()[pri:8, instance:testCases.TC3_LoanCalc@37ceb1df]" name="tenureLoan" class="testCases.TC3_LoanCalc"/>
        <method signature="TC1_CarLoan.arrAmtp_int()[pri:9, instance:testCases.TC1_CarLoan@77f1baf5]" name="arrAmtp_int" class="testCases.TC1_CarLoan"/>
        <method signature="TC1_CarLoan.menuBar()[pri:10, instance:testCases.TC1_CarLoan@77f1baf5]" name="menuBar" class="testCases.TC1_CarLoan"/>
      </group> <!-- regression -->
      <group name="regression ">
        <method signature="TC2_HomeEmiCalc.yearTable()[pri:1, instance:testCases.TC2_HomeEmiCalc@70325e14]" name="yearTable" class="testCases.TC2_HomeEmiCalc"/>
      </group> <!-- regression  -->
      <group name="sanity">
        <method signature="TC1_CarLoan.btncarloan()[pri:1, instance:testCases.TC1_CarLoan@77f1baf5]" name="btncarloan" class="testCases.TC1_CarLoan"/>
        <method signature="TC3_LoanCalc.calcLoan()[pri:1, instance:testCases.TC3_LoanCalc@37ceb1df]" name="calcLoan" class="testCases.TC3_LoanCalc"/>
        <method signature="TC1_CarLoan.amthomeloan()[pri:2, instance:testCases.TC1_CarLoan@77f1baf5]" name="amthomeloan" class="testCases.TC1_CarLoan"/>
        <method signature="TC3_LoanCalc.emiBtn()[pri:2, instance:testCases.TC3_LoanCalc@37ceb1df]" name="emiBtn" class="testCases.TC3_LoanCalc"/>
        <method signature="TC1_CarLoan.advanceemibtn()[pri:5, instance:testCases.TC1_CarLoan@77f1baf5]" name="advanceemibtn" class="testCases.TC1_CarLoan"/>
      </group> <!-- sanity -->
      <group name="master">
        <method signature="TC1_CarLoan.btncarloan()[pri:1, instance:testCases.TC1_CarLoan@77f1baf5]" name="btncarloan" class="testCases.TC1_CarLoan"/>
        <method signature="TC2_HomeEmiCalc.yearTable()[pri:1, instance:testCases.TC2_HomeEmiCalc@70325e14]" name="yearTable" class="testCases.TC2_HomeEmiCalc"/>
        <method signature="TC3_LoanCalc.calcLoan()[pri:1, instance:testCases.TC3_LoanCalc@37ceb1df]" name="calcLoan" class="testCases.TC3_LoanCalc"/>
        <method signature="TC1_CarLoan.amthomeloan()[pri:2, instance:testCases.TC1_CarLoan@77f1baf5]" name="amthomeloan" class="testCases.TC1_CarLoan"/>
        <method signature="TC2_HomeEmiCalc.tableloan()[pri:2, instance:testCases.TC2_HomeEmiCalc@70325e14]" name="tableloan" class="testCases.TC2_HomeEmiCalc"/>
        <method signature="TC3_LoanCalc.emiBtn()[pri:2, instance:testCases.TC3_LoanCalc@37ceb1df]" name="emiBtn" class="testCases.TC3_LoanCalc"/>
        <method signature="TC1_CarLoan.rateinterest()[pri:3, instance:testCases.TC1_CarLoan@77f1baf5]" name="rateinterest" class="testCases.TC1_CarLoan"/>
        <method signature="TC3_LoanCalc.amtLoan()[pri:3, instance:testCases.TC3_LoanCalc@37ceb1df]" name="amtLoan" class="testCases.TC3_LoanCalc"/>
        <method signature="TC1_CarLoan.tenureloan()[pri:4, instance:testCases.TC1_CarLoan@77f1baf5]" name="tenureloan" class="testCases.TC1_CarLoan"/>
        <method signature="TC3_LoanCalc.rInterest()[pri:4, instance:testCases.TC3_LoanCalc@37ceb1df]" name="rInterest" class="testCases.TC3_LoanCalc"/>
        <method signature="TC1_CarLoan.advanceemibtn()[pri:5, instance:testCases.TC1_CarLoan@77f1baf5]" name="advanceemibtn" class="testCases.TC1_CarLoan"/>
        <method signature="TC3_LoanCalc.yearLoanTenure()[pri:5, instance:testCases.TC3_LoanCalc@37ceb1df]" name="yearLoanTenure" class="testCases.TC3_LoanCalc"/>
        <method signature="TC1_CarLoan.tableyear()[pri:6, instance:testCases.TC1_CarLoan@77f1baf5]" name="tableyear" class="testCases.TC1_CarLoan"/>
        <method signature="TC3_LoanCalc.monthLoanTenure()[pri:6, instance:testCases.TC3_LoanCalc@37ceb1df]" name="monthLoanTenure" class="testCases.TC3_LoanCalc"/>
        <method signature="TC1_CarLoan.amtp_int()[pri:7, instance:testCases.TC1_CarLoan@77f1baf5]" name="amtp_int" class="testCases.TC1_CarLoan"/>
        <method signature="TC3_LoanCalc.amountLoan()[pri:7, instance:testCases.TC3_LoanCalc@37ceb1df]" name="amountLoan" class="testCases.TC3_LoanCalc"/>
        <method signature="TC1_CarLoan.arrearsemi()[pri:8, instance:testCases.TC1_CarLoan@77f1baf5]" name="arrearsemi" class="testCases.TC1_CarLoan"/>
        <method signature="TC3_LoanCalc.tenureLoan()[pri:8, instance:testCases.TC3_LoanCalc@37ceb1df]" name="tenureLoan" class="testCases.TC3_LoanCalc"/>
        <method signature="TC1_CarLoan.arrAmtp_int()[pri:9, instance:testCases.TC1_CarLoan@77f1baf5]" name="arrAmtp_int" class="testCases.TC1_CarLoan"/>
        <method signature="TC1_CarLoan.menuBar()[pri:10, instance:testCases.TC1_CarLoan@77f1baf5]" name="menuBar" class="testCases.TC1_CarLoan"/>
      </group> <!-- master -->
    </groups>
    <test started-at="2024-02-28T16:16:24 IST" name="Test" finished-at="2024-02-28T16:19:18 IST" duration-ms="173822">
      <class name="testCases.TC1_CarLoan">
        <test-method is-config="true" signature="driverSetup(java.lang.String)[pri:0, instance:testCases.TC1_CarLoan@77f1baf5]" started-at="2024-02-28T16:16:25 IST" name="driverSetup" finished-at="2024-02-28T16:17:22 IST" duration-ms="56430" status="PASS">
          <params>
            <param index="0">
              <value>
                <![CDATA[chrome]]>
              </value>
            </param>
          </params>
          <reporter-output>
          </reporter-output>
        </test-method> <!-- driverSetup -->
        <test-method signature="btncarloan()[pri:1, instance:testCases.TC1_CarLoan@77f1baf5]" started-at="2024-02-28T16:17:22 IST" name="btncarloan" finished-at="2024-02-28T16:17:22 IST" duration-ms="343" status="PASS">
          <reporter-output>
          </reporter-output>
        </test-method> <!-- btncarloan -->
        <test-method signature="amthomeloan()[pri:2, instance:testCases.TC1_CarLoan@77f1baf5]" started-at="2024-02-28T16:17:23 IST" name="amthomeloan" finished-at="2024-02-28T16:17:23 IST" duration-ms="711" status="PASS">
          <reporter-output>
          </reporter-output>
        </test-method> <!-- amthomeloan -->
        <test-method signature="rateinterest()[pri:3, instance:testCases.TC1_CarLoan@77f1baf5]" started-at="2024-02-28T16:17:24 IST" name="rateinterest" finished-at="2024-02-28T16:17:24 IST" duration-ms="734" status="PASS">
          <reporter-output>
          </reporter-output>
        </test-method> <!-- rateinterest -->
        <test-method signature="tenureloan()[pri:4, instance:testCases.TC1_CarLoan@77f1baf5]" started-at="2024-02-28T16:17:25 IST" name="tenureloan" finished-at="2024-02-28T16:17:27 IST" duration-ms="2616" status="PASS">
          <reporter-output>
          </reporter-output>
        </test-method> <!-- tenureloan -->
        <test-method signature="advanceemibtn()[pri:5, instance:testCases.TC1_CarLoan@77f1baf5]" started-at="2024-02-28T16:17:28 IST" name="advanceemibtn" finished-at="2024-02-28T16:17:28 IST" duration-ms="177" status="PASS">
          <reporter-output>
          </reporter-output>
        </test-method> <!-- advanceemibtn -->
        <test-method signature="tableyear()[pri:6, instance:testCases.TC1_CarLoan@77f1baf5]" started-at="2024-02-28T16:17:28 IST" name="tableyear" finished-at="2024-02-28T16:17:31 IST" duration-ms="3215" status="PASS">
          <reporter-output>
          </reporter-output>
        </test-method> <!-- tableyear -->
        <test-method signature="amtp_int()[pri:7, instance:testCases.TC1_CarLoan@77f1baf5]" started-at="2024-02-28T16:17:32 IST" name="amtp_int" finished-at="2024-02-28T16:17:34 IST" duration-ms="2490" status="PASS">
          <reporter-output>
          </reporter-output>
        </test-method> <!-- amtp_int -->
        <test-method signature="arrearsemi()[pri:8, instance:testCases.TC1_CarLoan@77f1baf5]" started-at="2024-02-28T16:17:34 IST" name="arrearsemi" finished-at="2024-02-28T16:17:35 IST" duration-ms="169" status="PASS">
          <reporter-output>
          </reporter-output>
        </test-method> <!-- arrearsemi -->
        <test-method signature="arrAmtp_int()[pri:9, instance:testCases.TC1_CarLoan@77f1baf5]" started-at="2024-02-28T16:17:35 IST" name="arrAmtp_int" finished-at="2024-02-28T16:17:39 IST" duration-ms="4071" status="PASS">
          <reporter-output>
          </reporter-output>
        </test-method> <!-- arrAmtp_int -->
        <test-method signature="menuBar()[pri:10, instance:testCases.TC1_CarLoan@77f1baf5]" started-at="2024-02-28T16:17:39 IST" name="menuBar" finished-at="2024-02-28T16:18:24 IST" duration-ms="44579" status="PASS">
          <reporter-output>
          </reporter-output>
        </test-method> <!-- menuBar -->
        <test-method is-config="true" signature="tearDown()[pri:0, instance:testCases.TC1_CarLoan@77f1baf5]" started-at="2024-02-28T16:19:17 IST" name="tearDown" finished-at="2024-02-28T16:19:18 IST" duration-ms="1173" status="PASS">
          <reporter-output>
          </reporter-output>
        </test-method> <!-- tearDown -->
      </class> <!-- testCases.TC1_CarLoan -->
      <class name="testCases.TC3_LoanCalc">
        <test-method signature="calcLoan()[pri:1, instance:testCases.TC3_LoanCalc@37ceb1df]" started-at="2024-02-28T16:18:42 IST" name="calcLoan" finished-at="2024-02-28T16:19:05 IST" duration-ms="23252" status="PASS">
          <reporter-output>
          </reporter-output>
        </test-method> <!-- calcLoan -->
        <test-method signature="emiBtn()[pri:2, instance:testCases.TC3_LoanCalc@37ceb1df]" started-at="2024-02-28T16:19:06 IST" name="emiBtn" finished-at="2024-02-28T16:19:06 IST" duration-ms="130" status="PASS">
          <reporter-output>
          </reporter-output>
        </test-method> <!-- emiBtn -->
        <test-method signature="amtLoan()[pri:3, instance:testCases.TC3_LoanCalc@37ceb1df]" started-at="2024-02-28T16:19:06 IST" name="amtLoan" finished-at="2024-02-28T16:19:07 IST" duration-ms="704" status="PASS">
          <reporter-output>
          </reporter-output>
        </test-method> <!-- amtLoan -->
        <test-method signature="rInterest()[pri:4, instance:testCases.TC3_LoanCalc@37ceb1df]" started-at="2024-02-28T16:19:07 IST" name="rInterest" finished-at="2024-02-28T16:19:08 IST" duration-ms="633" status="PASS">
          <reporter-output>
          </reporter-output>
        </test-method> <!-- rInterest -->
        <test-method signature="yearLoanTenure()[pri:5, instance:testCases.TC3_LoanCalc@37ceb1df]" started-at="2024-02-28T16:19:08 IST" name="yearLoanTenure" finished-at="2024-02-28T16:19:09 IST" duration-ms="981" status="PASS">
          <reporter-output>
          </reporter-output>
        </test-method> <!-- yearLoanTenure -->
        <test-method signature="monthLoanTenure()[pri:6, instance:testCases.TC3_LoanCalc@37ceb1df]" started-at="2024-02-28T16:19:09 IST" name="monthLoanTenure" finished-at="2024-02-28T16:19:10 IST" duration-ms="1117" status="PASS">
          <reporter-output>
          </reporter-output>
        </test-method> <!-- monthLoanTenure -->
        <test-method signature="amountLoan()[pri:7, instance:testCases.TC3_LoanCalc@37ceb1df]" started-at="2024-02-28T16:19:11 IST" name="amountLoan" finished-at="2024-02-28T16:19:14 IST" duration-ms="3383" status="PASS">
          <reporter-output>
          </reporter-output>
        </test-method> <!-- amountLoan -->
        <test-method signature="tenureLoan()[pri:8, instance:testCases.TC3_LoanCalc@37ceb1df]" started-at="2024-02-28T16:19:14 IST" name="tenureLoan" finished-at="2024-02-28T16:19:17 IST" duration-ms="2200" status="PASS">
          <reporter-output>
          </reporter-output>
        </test-method> <!-- tenureLoan -->
      </class> <!-- testCases.TC3_LoanCalc -->
      <class name="testCases.TC2_HomeEmiCalc">
        <test-method signature="yearTable()[pri:1, instance:testCases.TC2_HomeEmiCalc@70325e14]" started-at="2024-02-28T16:18:24 IST" name="yearTable" finished-at="2024-02-28T16:18:27 IST" duration-ms="3113" status="PASS">
          <reporter-output>
          </reporter-output>
        </test-method> <!-- yearTable -->
        <test-method signature="tableloan()[pri:2, instance:testCases.TC2_HomeEmiCalc@70325e14]" started-at="2024-02-28T16:18:28 IST" name="tableloan" finished-at="2024-02-28T16:18:42 IST" duration-ms="14038" status="PASS">
          <reporter-output>
          </reporter-output>
        </test-method> <!-- tableloan -->
      </class> <!-- testCases.TC2_HomeEmiCalc -->
    </test> <!-- Test -->
  </suite> <!-- Hackathon Project -->
</testng-results>
